<?xml version="1.0" encoding="UTF-8"?>
<!-- Generated by org.testng.reporters.JUnitReportReporter -->
<testsuite skipped="0" hostname="LAPTOP-VCHUS963" name="com.BhimanGroup.tests.loginTest" tests="7" failures="0" timestamp="15 May 2021 05:59:21 GMT" time="29.727" errors="0">
  <testcase name="invalidLoginCredentialsTest" time="3.008" classname="com.BhimanGroup.tests.loginTest"/>
  <testcase name="invalidLoginCredentialsTest" time="0.902" classname="com.BhimanGroup.tests.loginTest"/>
  <testcase name="invalidLoginCredentialsTest" time="0.907" classname="com.BhimanGroup.tests.loginTest"/>
  <testcase name="invalidLoginCredentialsTest" time="1.367" classname="com.BhimanGroup.tests.loginTest"/>
  <testcase name="invalidLoginCredentialsTest" time="1.123" classname="com.BhimanGroup.tests.loginTest"/>
  <testcase name="invalidLoginCredentialsTest" time="0.736" classname="com.BhimanGroup.tests.loginTest"/>
  <testcase name="ValidLoginCredentailTest" time="21.684" classname="com.BhimanGroup.tests.loginTest"/>
</testsuite> <!-- com.BhimanGroup.tests.loginTest -->
