<?xml version="1.0" encoding="UTF-8"?>
<!-- Generated by org.testng.reporters.JUnitReportReporter -->
<testsuite skipped="1" hostname="LAPTOP-V2REIEHL" name="com.BhimanGroup.tests.loginTest" tests="1" failures="0" timestamp="11 May 2021 10:42:04 GMT" time="0.000" errors="0">
  <testcase name="LoginPageDetailsTest" time="0.000" classname="com.BhimanGroup.tests.loginTest">
    <skipped/>
  </testcase> <!-- LoginPageDetailsTest -->
</testsuite> <!-- com.BhimanGroup.tests.loginTest -->
